<?xml version="1.0" encoding="UTF-8"?>
<testng-results ignored="0" total="1" passed="1" failed="0" skipped="0">
  <reporter-output>
  </reporter-output>
  <suite started-at="2023-07-10T10:25:10 IST" name="Default suite" finished-at="2023-07-10T10:25:18 IST" duration-ms="7254">
    <groups>
    </groups>
    <test started-at="2023-07-10T10:25:10 IST" name="Default test" finished-at="2023-07-10T10:25:18 IST" duration-ms="7254">
      <class name="IV.LoginToDemo8098gts">
        <test-method signature="titleTest()[pri:0, instance:IV.LoginToDemo8098gts@1ed4ae0f]" started-at="2023-07-10T10:25:10 IST" name="titleTest" finished-at="2023-07-10T10:25:18 IST" duration-ms="7191" status="PASS">
          <reporter-output>
          </reporter-output>
        </test-method> <!-- titleTest -->
      </class> <!-- IV.LoginToDemo8098gts -->
    </test> <!-- Default test -->
  </suite> <!-- Default suite -->
</testng-results>
